<?xml version="1.0" encoding="UTF-8"?>
<testng-results ignored="1" total="6" passed="5" failed="0" skipped="0">
  <reporter-output>
  </reporter-output>
  <suite started-at="2023-05-15T17:10:47 IST" name="Default suite" finished-at="2023-05-15T17:10:56 IST" duration-ms="8807">
    <groups>
    </groups>
    <test started-at="2023-05-15T17:10:47 IST" name="Default test" finished-at="2023-05-15T17:10:56 IST" duration-ms="8807">
      <class name="Demo.GithubBooks">
        <test-method signature="GetStatus()[pri:1, instance:Demo.GithubBooks@5fdcaa40]" started-at="2023-05-15T17:10:47 IST" name="GetStatus" finished-at="2023-05-15T17:10:50 IST" duration-ms="2744" status="PASS">
          <reporter-output>
          </reporter-output>
        </test-method> <!-- GetStatus -->
        <test-method signature="GetBooks()[pri:2, instance:Demo.GithubBooks@5fdcaa40]" started-at="2023-05-15T17:10:50 IST" name="GetBooks" finished-at="2023-05-15T17:10:51 IST" duration-ms="1430" status="PASS">
          <reporter-output>
          </reporter-output>
        </test-method> <!-- GetBooks -->
        <test-method signature="GetSingleBooks()[pri:3, instance:Demo.GithubBooks@5fdcaa40]" started-at="2023-05-15T17:10:51 IST" name="GetSingleBooks" finished-at="2023-05-15T17:10:52 IST" duration-ms="1347" status="PASS">
          <reporter-output>
          </reporter-output>
        </test-method> <!-- GetSingleBooks -->
        <test-method signature="submitOrder()[pri:4, instance:Demo.GithubBooks@5fdcaa40]" started-at="2023-05-15T17:10:52 IST" name="submitOrder" finished-at="2023-05-15T17:10:54 IST" duration-ms="1804" status="PASS">
          <reporter-output>
          </reporter-output>
        </test-method> <!-- submitOrder -->
        <test-method signature="Get_an_Order()[pri:5, instance:Demo.GithubBooks@5fdcaa40]" started-at="2023-05-15T17:10:54 IST" name="Get_an_Order" finished-at="2023-05-15T17:10:56 IST" duration-ms="1434" status="PASS">
          <reporter-output>
          </reporter-output>
        </test-method> <!-- Get_an_Order -->
      </class> <!-- Demo.GithubBooks -->
    </test> <!-- Default test -->
  </suite> <!-- Default suite -->
</testng-results>
