<?xml version="1.0" encoding="UTF-8"?>
<!-- Generated by org.testng.reporters.JUnitXMLReporter -->
<testsuite ignored="1" hostname="LAPTOP-QHM9BDJJ" failures="0" tests="5" name="Default test" time="8.807" errors="0" timestamp="2023-05-15T17:10:56 IST">
  <testcase classname="Demo.GithubBooks" name="GetStatus" time="2.744"/>
  <testcase classname="Demo.GithubBooks" name="GetBooks" time="1.43"/>
  <testcase classname="Demo.GithubBooks" name="GetSingleBooks" time="1.347"/>
  <testcase classname="Demo.GithubBooks" name="submitOrder" time="1.804"/>
  <testcase classname="Demo.GithubBooks" name="Get_an_Order" time="1.434"/>
  <testcase classname="Demo.GithubBooks" name="Update_an_Order" time="0.0">
    <ignored/>
  </testcase> <!-- Update_an_Order -->
</testsuite> <!-- Default test -->
